<?xml version="1.0" encoding="UTF-8"?>
<!-- Generated by org.testng.reporters.JUnitXMLReporter -->
<testsuite ignored="0" hostname="DAMAN" failures="1" tests="9" name="Test" time="66.706" errors="0" timestamp="2023-01-12T19:35:58 EST">
  <testcase classname="com.naveenautomation.Test.AccountLoginTest" name="loginVerify" time="3.082"/>
  <testcase classname="com.naveenautomation.Test.AccountLoginTest" name="loginVerify" time="2.945"/>
  <testcase classname="com.naveenautomation.Test.AccountLoginTest" name="loginVerify" time="2.653"/>
  <testcase classname="com.naveenautomation.Test.AccountLoginTest" name="loginVerify" time="2.706"/>
  <testcase classname="com.naveenautomation.Test.AccountLoginTest" name="loginVerify" time="3.047"/>
  <testcase classname="com.naveenautomation.Test.AccountLoginTest" name="testSomething" time="0.237">
    <skipped/>
  </testcase> <!-- testSomething -->
  <testcase classname="com.naveenautomation.Test.AccountLoginTest" name="testSomething" time="0.236">
    <skipped/>
  </testcase> <!-- testSomething -->
  <testcase classname="com.naveenautomation.Test.AccountLoginTest" name="testSomething" time="0.242">
    <skipped/>
  </testcase> <!-- testSomething -->
  <testcase classname="com.naveenautomation.Test.AccountLoginTest" name="testSomething" time="0.213">
    <failure type="java.lang.AssertionError" message="expected [true] but found [false]">
      <![CDATA[java.lang.AssertionError: expected [true] but found [false]
at com.naveenautomation.Test.AccountLoginTest.testSomething(AccountLoginTest.java:51)
at java.base/java.util.ArrayList.forEach(ArrayList.java:1511)
... Removed 31 stack frames]]>
    </failure>
  </testcase> <!-- testSomething -->
</testsuite> <!-- Test -->
