<?xml version="1.0" encoding="UTF-8"?>
<testng-results ignored="0" total="1" passed="1" failed="0" skipped="0">
  <reporter-output>
  </reporter-output>
  <suite started-at="2023-01-26T18:52:28 EST" name="Default suite" finished-at="2023-01-26T18:52:48 EST" duration-ms="19647">
    <groups>
    </groups>
    <test started-at="2023-01-26T18:52:28 EST" name="Default test" finished-at="2023-01-26T18:52:48 EST" duration-ms="19647">
      <class name="com.naveenautomation.Test.MyWishListTest">
        <test-method is-config="true" signature="setUp()[pri:0, instance:com.naveenautomation.Test.MyWishListTest@10feca44]" started-at="2023-01-26T18:52:28 EST" name="setUp" finished-at="2023-01-26T18:52:37 EST" duration-ms="8798" status="PASS">
          <reporter-output>
          </reporter-output>
        </test-method> <!-- setUp -->
        <test-method signature="verifyUserIsAbleToAddProductsToWishList()[pri:0, instance:com.naveenautomation.Test.MyWishListTest@10feca44]" started-at="2023-01-26T18:52:37 EST" name="verifyUserIsAbleToAddProductsToWishList" finished-at="2023-01-26T18:52:47 EST" duration-ms="10234" status="PASS">
          <reporter-output>
          </reporter-output>
        </test-method> <!-- verifyUserIsAbleToAddProductsToWishList -->
        <test-method is-config="true" signature="tearDown()[pri:0, instance:com.naveenautomation.Test.MyWishListTest@10feca44]" started-at="2023-01-26T18:52:47 EST" name="tearDown" finished-at="2023-01-26T18:52:48 EST" duration-ms="520" status="PASS">
          <reporter-output>
          </reporter-output>
        </test-method> <!-- tearDown -->
      </class> <!-- com.naveenautomation.Test.MyWishListTest -->
    </test> <!-- Default test -->
  </suite> <!-- Default suite -->
</testng-results>
