<?xml version="1.0" encoding="UTF-8"?>
<testng-results retried="3" ignored="0" total="9" passed="5" failed="1" skipped="0">
  <reporter-output>
  </reporter-output>
  <suite started-at="2023-01-11T20:14:17 EST" name="Suite" finished-at="2023-01-11T20:15:24 EST" duration-ms="67037">
    <groups>
    </groups>
    <test started-at="2023-01-11T20:14:17 EST" name="Test" finished-at="2023-01-11T20:15:24 EST" duration-ms="67037">
      <class name="com.naveenautomation.Test.AccountLoginTest">
        <test-method is-config="true" signature="setUp()[pri:0, instance:com.naveenautomation.Test.AccountLoginTest@7bba5817]" started-at="2023-01-11T20:14:19 EST" name="setUp" finished-at="2023-01-11T20:14:24 EST" duration-ms="5479" status="PASS">
          <reporter-output>
          </reporter-output>
        </test-method> <!-- setUp -->
        <test-method signature="loginVerify(java.lang.String, java.lang.String, java.lang.String, java.lang.String, java.lang.String, java.lang.String)[pri:0, instance:com.naveenautomation.Test.AccountLoginTest@7bba5817]" started-at="2023-01-11T20:14:24 EST" name="loginVerify" data-provider="LoginDataProvider" finished-at="2023-01-11T20:14:27 EST" duration-ms="3093" status="PASS">
          <params>
            <param index="0">
              <value>
                <![CDATA[iron.man@gmail.com]]>
              </value>
            </param>
            <param index="1">
              <value>
                <![CDATA[Password2]]>
              </value>
            </param>
            <param index="2">
              <value>
                <![CDATA[Tony]]>
              </value>
            </param>
            <param index="3">
              <value>
                <![CDATA[Stark]]>
              </value>
            </param>
            <param index="4">
              <value>
                <![CDATA[iron.man@gmail.com]]>
              </value>
            </param>
            <param index="5">
              <value>
                <![CDATA[1123456780]]>
              </value>
            </param>
          </params>
          <reporter-output>
          </reporter-output>
        </test-method> <!-- loginVerify -->
        <test-method is-config="true" signature="tearDown()[pri:0, instance:com.naveenautomation.Test.AccountLoginTest@7bba5817]" started-at="2023-01-11T20:14:27 EST" name="tearDown" finished-at="2023-01-11T20:14:28 EST" duration-ms="458" status="PASS">
          <reporter-output>
          </reporter-output>
        </test-method> <!-- tearDown -->
        <test-method is-config="true" signature="setUp()[pri:0, instance:com.naveenautomation.Test.AccountLoginTest@7bba5817]" started-at="2023-01-11T20:14:28 EST" name="setUp" finished-at="2023-01-11T20:14:32 EST" duration-ms="4280" status="PASS">
          <reporter-output>
          </reporter-output>
        </test-method> <!-- setUp -->
        <test-method signature="loginVerify(java.lang.String, java.lang.String, java.lang.String, java.lang.String, java.lang.String, java.lang.String)[pri:0, instance:com.naveenautomation.Test.AccountLoginTest@7bba5817]" started-at="2023-01-11T20:14:32 EST" name="loginVerify" data-provider="LoginDataProvider" finished-at="2023-01-11T20:14:35 EST" duration-ms="2997" status="PASS">
          <params>
            <param index="0">
              <value>
                <![CDATA[harinder21@gmail.com]]>
              </value>
            </param>
            <param index="1">
              <value>
                <![CDATA[Password1]]>
              </value>
            </param>
            <param index="2">
              <value>
                <![CDATA[Harinder]]>
              </value>
            </param>
            <param index="3">
              <value>
                <![CDATA[Kaur]]>
              </value>
            </param>
            <param index="4">
              <value>
                <![CDATA[Harinder21@gmail.com]]>
              </value>
            </param>
            <param index="5">
              <value>
                <![CDATA[780298456]]>
              </value>
            </param>
          </params>
          <reporter-output>
          </reporter-output>
        </test-method> <!-- loginVerify -->
        <test-method is-config="true" signature="tearDown()[pri:0, instance:com.naveenautomation.Test.AccountLoginTest@7bba5817]" started-at="2023-01-11T20:14:35 EST" name="tearDown" finished-at="2023-01-11T20:14:36 EST" duration-ms="486" status="PASS">
          <reporter-output>
          </reporter-output>
        </test-method> <!-- tearDown -->
        <test-method is-config="true" signature="setUp()[pri:0, instance:com.naveenautomation.Test.AccountLoginTest@7bba5817]" started-at="2023-01-11T20:14:36 EST" name="setUp" finished-at="2023-01-11T20:14:40 EST" duration-ms="4653" status="PASS">
          <reporter-output>
          </reporter-output>
        </test-method> <!-- setUp -->
        <test-method signature="loginVerify(java.lang.String, java.lang.String, java.lang.String, java.lang.String, java.lang.String, java.lang.String)[pri:0, instance:com.naveenautomation.Test.AccountLoginTest@7bba5817]" started-at="2023-01-11T20:14:40 EST" name="loginVerify" data-provider="LoginDataProvider" finished-at="2023-01-11T20:14:43 EST" duration-ms="2866" status="PASS">
          <params>
            <param index="0">
              <value>
                <![CDATA[Navjot.rehal12@gmail.com]]>
              </value>
            </param>
            <param index="1">
              <value>
                <![CDATA[Navjot13]]>
              </value>
            </param>
            <param index="2">
              <value>
                <![CDATA[Navjot]]>
              </value>
            </param>
            <param index="3">
              <value>
                <![CDATA[Singh]]>
              </value>
            </param>
            <param index="4">
              <value>
                <![CDATA[Navjot.rehal12@gmail.com]]>
              </value>
            </param>
            <param index="5">
              <value>
                <![CDATA[4372174449]]>
              </value>
            </param>
          </params>
          <reporter-output>
          </reporter-output>
        </test-method> <!-- loginVerify -->
        <test-method is-config="true" signature="tearDown()[pri:0, instance:com.naveenautomation.Test.AccountLoginTest@7bba5817]" started-at="2023-01-11T20:14:43 EST" name="tearDown" finished-at="2023-01-11T20:14:44 EST" duration-ms="417" status="PASS">
          <reporter-output>
          </reporter-output>
        </test-method> <!-- tearDown -->
        <test-method is-config="true" signature="setUp()[pri:0, instance:com.naveenautomation.Test.AccountLoginTest@7bba5817]" started-at="2023-01-11T20:14:44 EST" name="setUp" finished-at="2023-01-11T20:14:48 EST" duration-ms="4171" status="PASS">
          <reporter-output>
          </reporter-output>
        </test-method> <!-- setUp -->
        <test-method signature="loginVerify(java.lang.String, java.lang.String, java.lang.String, java.lang.String, java.lang.String, java.lang.String)[pri:0, instance:com.naveenautomation.Test.AccountLoginTest@7bba5817]" started-at="2023-01-11T20:14:48 EST" name="loginVerify" data-provider="LoginDataProvider" finished-at="2023-01-11T20:14:51 EST" duration-ms="2771" status="PASS">
          <params>
            <param index="0">
              <value>
                <![CDATA[sg1@gmail.com]]>
              </value>
            </param>
            <param index="1">
              <value>
                <![CDATA[Admin@123]]>
              </value>
            </param>
            <param index="2">
              <value>
                <![CDATA[Sahib]]>
              </value>
            </param>
            <param index="3">
              <value>
                <![CDATA[New]]>
              </value>
            </param>
            <param index="4">
              <value>
                <![CDATA[Sg1@gmail.com]]>
              </value>
            </param>
            <param index="5">
              <value>
                <![CDATA[5146217769]]>
              </value>
            </param>
          </params>
          <reporter-output>
          </reporter-output>
        </test-method> <!-- loginVerify -->
        <test-method is-config="true" signature="tearDown()[pri:0, instance:com.naveenautomation.Test.AccountLoginTest@7bba5817]" started-at="2023-01-11T20:14:51 EST" name="tearDown" finished-at="2023-01-11T20:14:51 EST" duration-ms="441" status="PASS">
          <reporter-output>
          </reporter-output>
        </test-method> <!-- tearDown -->
        <test-method is-config="true" signature="setUp()[pri:0, instance:com.naveenautomation.Test.AccountLoginTest@7bba5817]" started-at="2023-01-11T20:14:51 EST" name="setUp" finished-at="2023-01-11T20:14:55 EST" duration-ms="4369" status="PASS">
          <reporter-output>
          </reporter-output>
        </test-method> <!-- setUp -->
        <test-method signature="loginVerify(java.lang.String, java.lang.String, java.lang.String, java.lang.String, java.lang.String, java.lang.String)[pri:0, instance:com.naveenautomation.Test.AccountLoginTest@7bba5817]" started-at="2023-01-11T20:14:55 EST" name="loginVerify" data-provider="LoginDataProvider" finished-at="2023-01-11T20:14:59 EST" duration-ms="3552" status="PASS">
          <params>
            <param index="0">
              <value>
                <![CDATA[neethu123@gmail.com]]>
              </value>
            </param>
            <param index="1">
              <value>
                <![CDATA[password@01]]>
              </value>
            </param>
            <param index="2">
              <value>
                <![CDATA[Neethu]]>
              </value>
            </param>
            <param index="3">
              <value>
                <![CDATA[Manu]]>
              </value>
            </param>
            <param index="4">
              <value>
                <![CDATA[neethu123@gmail.com]]>
              </value>
            </param>
            <param index="5">
              <value>
                <![CDATA[9876543210]]>
              </value>
            </param>
          </params>
          <reporter-output>
          </reporter-output>
        </test-method> <!-- loginVerify -->
        <test-method is-config="true" signature="tearDown()[pri:0, instance:com.naveenautomation.Test.AccountLoginTest@7bba5817]" started-at="2023-01-11T20:14:59 EST" name="tearDown" finished-at="2023-01-11T20:15:00 EST" duration-ms="1049" status="PASS">
          <reporter-output>
          </reporter-output>
        </test-method> <!-- tearDown -->
        <test-method is-config="true" signature="setUp()[pri:0, instance:com.naveenautomation.Test.AccountLoginTest@7bba5817]" started-at="2023-01-11T20:15:00 EST" name="setUp" finished-at="2023-01-11T20:15:05 EST" duration-ms="5138" status="PASS">
          <reporter-output>
          </reporter-output>
        </test-method> <!-- setUp -->
        <test-method retried="true" signature="testSomething()[pri:0, instance:com.naveenautomation.Test.AccountLoginTest@7bba5817]" started-at="2023-01-11T20:15:05 EST" name="testSomething" finished-at="2023-01-11T20:15:05 EST" duration-ms="266" status="SKIP">
          <exception class="java.lang.AssertionError">
            <message>
              <![CDATA[expected [true] but found [false]]]>
            </message>
            <full-stacktrace>
              <![CDATA[java.lang.AssertionError: expected [true] but found [false]
at org.testng.Assert.fail(Assert.java:99)
at org.testng.Assert.failNotEquals(Assert.java:1037)
at org.testng.Assert.assertTrue(Assert.java:45)
at org.testng.Assert.assertTrue(Assert.java:55)
at com.naveenautomation.Test.AccountLoginTest.testSomething(AccountLoginTest.java:51)
at java.base/jdk.internal.reflect.NativeMethodAccessorImpl.invoke0(Native Method)
at java.base/jdk.internal.reflect.NativeMethodAccessorImpl.invoke(NativeMethodAccessorImpl.java:77)
at java.base/jdk.internal.reflect.DelegatingMethodAccessorImpl.invoke(DelegatingMethodAccessorImpl.java:43)
at java.base/java.lang.reflect.Method.invoke(Method.java:568)
at org.testng.internal.MethodInvocationHelper.invokeMethod(MethodInvocationHelper.java:132)
at org.testng.internal.TestInvoker.invokeMethod(TestInvoker.java:599)
at org.testng.internal.TestInvoker.invokeTestMethod(TestInvoker.java:174)
at org.testng.internal.MethodRunner.runInSequence(MethodRunner.java:46)
at org.testng.internal.TestInvoker$MethodInvocationAgent.invoke(TestInvoker.java:822)
at org.testng.internal.TestInvoker.invokeTestMethods(TestInvoker.java:147)
at org.testng.internal.TestMethodWorker.invokeTestMethods(TestMethodWorker.java:146)
at org.testng.internal.TestMethodWorker.run(TestMethodWorker.java:128)
at java.base/java.util.ArrayList.forEach(ArrayList.java:1511)
at org.testng.TestRunner.privateRun(TestRunner.java:764)
at org.testng.TestRunner.run(TestRunner.java:585)
at org.testng.SuiteRunner.runTest(SuiteRunner.java:384)
at org.testng.SuiteRunner.runSequentially(SuiteRunner.java:378)
at org.testng.SuiteRunner.privateRun(SuiteRunner.java:337)
at org.testng.SuiteRunner.run(SuiteRunner.java:286)
at org.testng.SuiteRunnerWorker.runSuite(SuiteRunnerWorker.java:53)
at org.testng.SuiteRunnerWorker.run(SuiteRunnerWorker.java:96)
at org.testng.TestNG.runSuitesSequentially(TestNG.java:1218)
at org.testng.TestNG.runSuitesLocally(TestNG.java:1140)
at org.testng.TestNG.runSuites(TestNG.java:1069)
at org.testng.TestNG.run(TestNG.java:1037)
at org.testng.remote.AbstractRemoteTestNG.run(AbstractRemoteTestNG.java:115)
at org.testng.remote.RemoteTestNG.initAndRun(RemoteTestNG.java:251)
at org.testng.remote.RemoteTestNG.main(RemoteTestNG.java:77)
]]>
            </full-stacktrace>
          </exception> <!-- java.lang.AssertionError -->
          <reporter-output>
          </reporter-output>
        </test-method> <!-- testSomething -->
        <test-method is-config="true" signature="tearDown()[pri:0, instance:com.naveenautomation.Test.AccountLoginTest@7bba5817]" started-at="2023-01-11T20:15:05 EST" name="tearDown" finished-at="2023-01-11T20:15:06 EST" duration-ms="543" status="PASS">
          <reporter-output>
          </reporter-output>
        </test-method> <!-- tearDown -->
        <test-method is-config="true" signature="setUp()[pri:0, instance:com.naveenautomation.Test.AccountLoginTest@7bba5817]" started-at="2023-01-11T20:15:06 EST" name="setUp" finished-at="2023-01-11T20:15:10 EST" duration-ms="4300" status="PASS">
          <reporter-output>
          </reporter-output>
        </test-method> <!-- setUp -->
        <test-method retried="true" signature="testSomething()[pri:0, instance:com.naveenautomation.Test.AccountLoginTest@7bba5817]" started-at="2023-01-11T20:15:10 EST" name="testSomething" finished-at="2023-01-11T20:15:11 EST" duration-ms="330" status="SKIP">
          <exception class="java.lang.AssertionError">
            <message>
              <![CDATA[expected [true] but found [false]]]>
            </message>
            <full-stacktrace>
              <![CDATA[java.lang.AssertionError: expected [true] but found [false]
at org.testng.Assert.fail(Assert.java:99)
at org.testng.Assert.failNotEquals(Assert.java:1037)
at org.testng.Assert.assertTrue(Assert.java:45)
at org.testng.Assert.assertTrue(Assert.java:55)
at com.naveenautomation.Test.AccountLoginTest.testSomething(AccountLoginTest.java:51)
at java.base/jdk.internal.reflect.NativeMethodAccessorImpl.invoke0(Native Method)
at java.base/jdk.internal.reflect.NativeMethodAccessorImpl.invoke(NativeMethodAccessorImpl.java:77)
at java.base/jdk.internal.reflect.DelegatingMethodAccessorImpl.invoke(DelegatingMethodAccessorImpl.java:43)
at java.base/java.lang.reflect.Method.invoke(Method.java:568)
at org.testng.internal.MethodInvocationHelper.invokeMethod(MethodInvocationHelper.java:132)
at org.testng.internal.TestInvoker.invokeMethod(TestInvoker.java:599)
at org.testng.internal.TestInvoker.retryFailed(TestInvoker.java:214)
at org.testng.internal.MethodRunner.runInSequence(MethodRunner.java:58)
at org.testng.internal.TestInvoker$MethodInvocationAgent.invoke(TestInvoker.java:822)
at org.testng.internal.TestInvoker.invokeTestMethods(TestInvoker.java:147)
at org.testng.internal.TestMethodWorker.invokeTestMethods(TestMethodWorker.java:146)
at org.testng.internal.TestMethodWorker.run(TestMethodWorker.java:128)
at java.base/java.util.ArrayList.forEach(ArrayList.java:1511)
at org.testng.TestRunner.privateRun(TestRunner.java:764)
at org.testng.TestRunner.run(TestRunner.java:585)
at org.testng.SuiteRunner.runTest(SuiteRunner.java:384)
at org.testng.SuiteRunner.runSequentially(SuiteRunner.java:378)
at org.testng.SuiteRunner.privateRun(SuiteRunner.java:337)
at org.testng.SuiteRunner.run(SuiteRunner.java:286)
at org.testng.SuiteRunnerWorker.runSuite(SuiteRunnerWorker.java:53)
at org.testng.SuiteRunnerWorker.run(SuiteRunnerWorker.java:96)
at org.testng.TestNG.runSuitesSequentially(TestNG.java:1218)
at org.testng.TestNG.runSuitesLocally(TestNG.java:1140)
at org.testng.TestNG.runSuites(TestNG.java:1069)
at org.testng.TestNG.run(TestNG.java:1037)
at org.testng.remote.AbstractRemoteTestNG.run(AbstractRemoteTestNG.java:115)
at org.testng.remote.RemoteTestNG.initAndRun(RemoteTestNG.java:251)
at org.testng.remote.RemoteTestNG.main(RemoteTestNG.java:77)
]]>
            </full-stacktrace>
          </exception> <!-- java.lang.AssertionError -->
          <reporter-output>
          </reporter-output>
        </test-method> <!-- testSomething -->
        <test-method is-config="true" signature="tearDown()[pri:0, instance:com.naveenautomation.Test.AccountLoginTest@7bba5817]" started-at="2023-01-11T20:15:11 EST" name="tearDown" finished-at="2023-01-11T20:15:11 EST" duration-ms="656" status="PASS">
          <reporter-output>
          </reporter-output>
        </test-method> <!-- tearDown -->
        <test-method is-config="true" signature="setUp()[pri:0, instance:com.naveenautomation.Test.AccountLoginTest@7bba5817]" started-at="2023-01-11T20:15:11 EST" name="setUp" finished-at="2023-01-11T20:15:16 EST" duration-ms="4272" status="PASS">
          <reporter-output>
          </reporter-output>
        </test-method> <!-- setUp -->
        <test-method retried="true" signature="testSomething()[pri:0, instance:com.naveenautomation.Test.AccountLoginTest@7bba5817]" started-at="2023-01-11T20:15:16 EST" name="testSomething" finished-at="2023-01-11T20:15:16 EST" duration-ms="267" status="SKIP">
          <exception class="java.lang.AssertionError">
            <message>
              <![CDATA[expected [true] but found [false]]]>
            </message>
            <full-stacktrace>
              <![CDATA[java.lang.AssertionError: expected [true] but found [false]
at org.testng.Assert.fail(Assert.java:99)
at org.testng.Assert.failNotEquals(Assert.java:1037)
at org.testng.Assert.assertTrue(Assert.java:45)
at org.testng.Assert.assertTrue(Assert.java:55)
at com.naveenautomation.Test.AccountLoginTest.testSomething(AccountLoginTest.java:51)
at java.base/jdk.internal.reflect.NativeMethodAccessorImpl.invoke0(Native Method)
at java.base/jdk.internal.reflect.NativeMethodAccessorImpl.invoke(NativeMethodAccessorImpl.java:77)
at java.base/jdk.internal.reflect.DelegatingMethodAccessorImpl.invoke(DelegatingMethodAccessorImpl.java:43)
at java.base/java.lang.reflect.Method.invoke(Method.java:568)
at org.testng.internal.MethodInvocationHelper.invokeMethod(MethodInvocationHelper.java:132)
at org.testng.internal.TestInvoker.invokeMethod(TestInvoker.java:599)
at org.testng.internal.TestInvoker.retryFailed(TestInvoker.java:214)
at org.testng.internal.MethodRunner.runInSequence(MethodRunner.java:58)
at org.testng.internal.TestInvoker$MethodInvocationAgent.invoke(TestInvoker.java:822)
at org.testng.internal.TestInvoker.invokeTestMethods(TestInvoker.java:147)
at org.testng.internal.TestMethodWorker.invokeTestMethods(TestMethodWorker.java:146)
at org.testng.internal.TestMethodWorker.run(TestMethodWorker.java:128)
at java.base/java.util.ArrayList.forEach(ArrayList.java:1511)
at org.testng.TestRunner.privateRun(TestRunner.java:764)
at org.testng.TestRunner.run(TestRunner.java:585)
at org.testng.SuiteRunner.runTest(SuiteRunner.java:384)
at org.testng.SuiteRunner.runSequentially(SuiteRunner.java:378)
at org.testng.SuiteRunner.privateRun(SuiteRunner.java:337)
at org.testng.SuiteRunner.run(SuiteRunner.java:286)
at org.testng.SuiteRunnerWorker.runSuite(SuiteRunnerWorker.java:53)
at org.testng.SuiteRunnerWorker.run(SuiteRunnerWorker.java:96)
at org.testng.TestNG.runSuitesSequentially(TestNG.java:1218)
at org.testng.TestNG.runSuitesLocally(TestNG.java:1140)
at org.testng.TestNG.runSuites(TestNG.java:1069)
at org.testng.TestNG.run(TestNG.java:1037)
at org.testng.remote.AbstractRemoteTestNG.run(AbstractRemoteTestNG.java:115)
at org.testng.remote.RemoteTestNG.initAndRun(RemoteTestNG.java:251)
at org.testng.remote.RemoteTestNG.main(RemoteTestNG.java:77)
]]>
            </full-stacktrace>
          </exception> <!-- java.lang.AssertionError -->
          <reporter-output>
          </reporter-output>
        </test-method> <!-- testSomething -->
        <test-method is-config="true" signature="tearDown()[pri:0, instance:com.naveenautomation.Test.AccountLoginTest@7bba5817]" started-at="2023-01-11T20:15:16 EST" name="tearDown" finished-at="2023-01-11T20:15:16 EST" duration-ms="458" status="PASS">
          <reporter-output>
          </reporter-output>
        </test-method> <!-- tearDown -->
        <test-method is-config="true" signature="setUp()[pri:0, instance:com.naveenautomation.Test.AccountLoginTest@7bba5817]" started-at="2023-01-11T20:15:16 EST" name="setUp" finished-at="2023-01-11T20:15:20 EST" duration-ms="4221" status="PASS">
          <reporter-output>
          </reporter-output>
        </test-method> <!-- setUp -->
        <test-method signature="testSomething()[pri:0, instance:com.naveenautomation.Test.AccountLoginTest@7bba5817]" started-at="2023-01-11T20:15:20 EST" name="testSomething" finished-at="2023-01-11T20:15:21 EST" duration-ms="288" status="FAIL">
          <exception class="java.lang.AssertionError">
            <message>
              <![CDATA[expected [true] but found [false]]]>
            </message>
            <full-stacktrace>
              <![CDATA[java.lang.AssertionError: expected [true] but found [false]
at org.testng.Assert.fail(Assert.java:99)
at org.testng.Assert.failNotEquals(Assert.java:1037)
at org.testng.Assert.assertTrue(Assert.java:45)
at org.testng.Assert.assertTrue(Assert.java:55)
at com.naveenautomation.Test.AccountLoginTest.testSomething(AccountLoginTest.java:51)
at java.base/jdk.internal.reflect.NativeMethodAccessorImpl.invoke0(Native Method)
at java.base/jdk.internal.reflect.NativeMethodAccessorImpl.invoke(NativeMethodAccessorImpl.java:77)
at java.base/jdk.internal.reflect.DelegatingMethodAccessorImpl.invoke(DelegatingMethodAccessorImpl.java:43)
at java.base/java.lang.reflect.Method.invoke(Method.java:568)
at org.testng.internal.MethodInvocationHelper.invokeMethod(MethodInvocationHelper.java:132)
at org.testng.internal.TestInvoker.invokeMethod(TestInvoker.java:599)
at org.testng.internal.TestInvoker.retryFailed(TestInvoker.java:214)
at org.testng.internal.MethodRunner.runInSequence(MethodRunner.java:58)
at org.testng.internal.TestInvoker$MethodInvocationAgent.invoke(TestInvoker.java:822)
at org.testng.internal.TestInvoker.invokeTestMethods(TestInvoker.java:147)
at org.testng.internal.TestMethodWorker.invokeTestMethods(TestMethodWorker.java:146)
at org.testng.internal.TestMethodWorker.run(TestMethodWorker.java:128)
at java.base/java.util.ArrayList.forEach(ArrayList.java:1511)
at org.testng.TestRunner.privateRun(TestRunner.java:764)
at org.testng.TestRunner.run(TestRunner.java:585)
at org.testng.SuiteRunner.runTest(SuiteRunner.java:384)
at org.testng.SuiteRunner.runSequentially(SuiteRunner.java:378)
at org.testng.SuiteRunner.privateRun(SuiteRunner.java:337)
at org.testng.SuiteRunner.run(SuiteRunner.java:286)
at org.testng.SuiteRunnerWorker.runSuite(SuiteRunnerWorker.java:53)
at org.testng.SuiteRunnerWorker.run(SuiteRunnerWorker.java:96)
at org.testng.TestNG.runSuitesSequentially(TestNG.java:1218)
at org.testng.TestNG.runSuitesLocally(TestNG.java:1140)
at org.testng.TestNG.runSuites(TestNG.java:1069)
at org.testng.TestNG.run(TestNG.java:1037)
at org.testng.remote.AbstractRemoteTestNG.run(AbstractRemoteTestNG.java:115)
at org.testng.remote.RemoteTestNG.initAndRun(RemoteTestNG.java:251)
at org.testng.remote.RemoteTestNG.main(RemoteTestNG.java:77)
]]>
            </full-stacktrace>
          </exception> <!-- java.lang.AssertionError -->
          <reporter-output>
          </reporter-output>
        </test-method> <!-- testSomething -->
        <test-method is-config="true" signature="tearDown()[pri:0, instance:com.naveenautomation.Test.AccountLoginTest@7bba5817]" started-at="2023-01-11T20:15:24 EST" name="tearDown" finished-at="2023-01-11T20:15:24 EST" duration-ms="485" status="PASS">
          <reporter-output>
          </reporter-output>
        </test-method> <!-- tearDown -->
      </class> <!-- com.naveenautomation.Test.AccountLoginTest -->
    </test> <!-- Test -->
  </suite> <!-- Suite -->
</testng-results>
